-------------------------------------------------------------------------------
      name:  <unnamed>
       log:  /workspace/logs/AAR001_describe_cohort.log
  log type:  text
 opened on:  25 Feb 2021, 18:14:19

. 
. 
. * Add ado files
. adopath++ `c(pwd)'\analysis
  [1]              "/workspace\analysis"
  [2]  (BASE)      "/usr/local/stata/ado/base/"
  [3]  (SITE)      "/usr/local/ado/"
  [4]              "."
  [5]  (PERSONAL)  "~/ado/personal/"
  [6]  (PLUS)      "~/ado/plus/"
  [7]  (OLDPLACE)  "~/ado/"

. 
. 
. * Wave 1: i=1  (1 Mar 20 - 31 Aug 20) 
. * Wave 2: i=2  (1 Sept 20 - latest)
. forvalues i = 1 (1) 2 {
  2.          
.                 
.         /* Open base cohort   */ 
. 
.         use "analysis/data_aranalysis_cohort`i'.dta", clear 
  3. 
.                 
.         /* Complete case for ethnicity   */ 
. 
.         safetab ethnicity_5
  4.         safetab ethnicity_5, m
  5.         drop if ethnicity_5>=.
  6. 
. 
.                                                 
.         ********************************
.         *  Describe outcome variables  *
.         ********************************
.                 
.         summ coviddeath_date otherdeath_date covidadmission_date composite_da
> te, d format
  7. 
.         if `i'==1 {     
  8.                 safetab coviddeath1 
  9.                 safetab covidadmission1 
 10.                 safetab coviddeath1 covidadmission1
 11.                 safetab composite1
 12.                 safetab coviddeath1_nocensor
 13.                 safetab covidadmission1_nocensor
 14.                 safetab coviddeath1_nocensor covidadmission1_nocensor
 15.                 safetab coviddeath1                     coviddeath1_nocens
> or
 16.                 safetab covidadmission1         covidadmission1_nocensor
 17.                 
.                 bysort coviddeath1:                      summ stime_coviddeat
> h1
 18.                 bysort covidadmission1:                  summ stime_covida
> dmission1
 19.                 bysort coviddeath1_nocensor:     summ stime_coviddeath1_no
> censor
 20.                 bysort covidadmission1_nocensor: summ stime_covidadmission
> 1_nocensor
 21.         }
 22.         safetab coviddeath2 
 23.         safetab covidadmission2 
 24.         safetab coviddeath2 covidadmission2
 25.         safetab composite2
 26.         safetab coviddeath2_nocensor
 27.         safetab covidadmission2_nocensor
 28.         safetab coviddeath2_nocensor covidadmission2_nocensor
 29. 
.         summ stime*
 30.         
.         bysort coviddeath2:                      summ stime_coviddeath2
 31.         bysort covidadmission2:                  summ stime_covidadmission
> 2
 32.         bysort coviddeath2_nocensor:     summ stime_coviddeath2_nocensor
 33.         bysort covidadmission2_nocensor: summ stime_covidadmission2_nocens
> or
 34. 
.         
.         
. 
.         ************************************
.         *  Describe demographic variables  *
.         ************************************
. 
.         * Area
.         safetab region_7,               m
 35.         safetab stp,                    m
 36. 
.         * Age, sex and ethnicity
.         summ age,                       d 
 37.         safetab agegroup,       m
 38.         safetab male,           m
 39. 
.         * Ethnicity
.         safetab ethnicity_5,    m
 40. 
.         * Deprivation
.         safetab imd,                    m
 41. 
. 
.         * Obesity
.         summ bmi,                       d
 42.         safetab obesecat,       m
 43.         
.         
.         
.         *****************************
.         *  Describe comorbidities   *
.         *****************************
.         
.         
.         * Physical comorbidities, also indicators for vaccination
.         foreach var of varlist asthmacat cf respiratory         ///
>                         cardiac af dvt_pe diabcat                            
>            ///
>                          stroke tia dementia neuro                           
>            ///
>                         kidneyfn transplant dialysis liver                   
>    ///
>                         cancerHaem cancerExhaem                              
>            ///
>                         immunosuppression spleen autoimmune ibd         ///
>                         smi ldr ds fracture                                  
>                    ///
>                         {
 44.                         safetab `var', m
 45.         }
 46.                         
.                         
. 
. 
. }
(Analysis dataset, wave 1 (1 Mar - 31 Aug 20), for absolute risk work)
0

        Ethnicity in 5 |
            categories |      Freq.     Percent        Cum.
-----------------------+-----------------------------------
                 White |      4,809       20.29       20.29
                 Mixed |      4,710       19.87       40.15
Asian or Asian British |      4,787       20.19       60.35
                 Black |      4,673       19.71       80.06
                 Other |      4,728       19.94      100.00
-----------------------+-----------------------------------
                 Total |     23,707      100.00
12

        Ethnicity in 5 |
            categories |      Freq.     Percent        Cum.
-----------------------+-----------------------------------
                 White |      4,809       20.29       20.29
                 Mixed |      4,710       19.87       40.15
Asian or Asian British |      4,787       20.19       60.35
                 Black |      4,673       19.71       80.06
                 Other |      4,728       19.94      100.00
-----------------------+-----------------------------------
                 Total |     23,707      100.00
(0 observations deleted)

                 Date of ONS COVID-19 death
-------------------------------------------------------------
      Percentiles      Smallest
 1%    07mar2020      02mar2020
 5%    20mar2020      03mar2020
10%    09apr2020      03mar2020       Obs                 968
25%    02jun2020      03mar2020       Sum of Wgt.         968

50%    24aug2020                      Mean          25aug2020
                        Largest       Std. Dev.      99.79584
75%    21nov2020      16feb2021
90%    09jan2021      16feb2021       Variance        9959.21
95%    29jan2021      17feb2021       Skewness       .0015309
99%    14feb2021      17feb2021       Kurtosis       1.834897

               Date of ONS non-COVID-19 death
-------------------------------------------------------------
      Percentiles      Smallest
 1%    05mar2020      02mar2020
 5%    20mar2020      02mar2020
10%    06apr2020      02mar2020       Obs               3,806
25%    01jun2020      02mar2020       Sum of Wgt.       3,806

50%    27aug2020                      Mean          27aug2020
                        Largest       Std. Dev.      102.0524
75%    25nov2020      17feb2021
90%    14jan2021      17feb2021       Variance       10414.69
95%    01feb2021      17feb2021       Skewness      -.0210718
99%    14feb2021      17feb2021       Kurtosis       1.799793

             Date of COVID-19 hospital admission
-------------------------------------------------------------
      Percentiles      Smallest
 1%    06mar2020      02mar2020
 5%    20mar2020      02mar2020
10%    05apr2020      02mar2020       Obs               4,732
25%    31may2020      02mar2020       Sum of Wgt.       4,732

50%    25aug2020                      Mean          25aug2020
                        Largest       Std. Dev.       101.448
75%    21nov2020      17feb2021
90%    13jan2021      17feb2021       Variance        10291.7
95%    31jan2021      17feb2021       Skewness      -.0014383
99%    13feb2021      17feb2021       Kurtosis       1.803372

       Date of first of COVID-19 hospital admission or
                            death
-------------------------------------------------------------
      Percentiles      Smallest
 1%    06mar2020      02mar2020
 5%    19mar2020      02mar2020
10%    05apr2020      02mar2020       Obs               5,524
25%    29may2020      02mar2020       Sum of Wgt.       5,524

50%    22aug2020                      Mean          23aug2020
                        Largest       Std. Dev.      101.2055
75%    19nov2020      17feb2021
90%    11jan2021      17feb2021       Variance       10242.56
95%    30jan2021      17feb2021       Skewness       .0207671
99%    13feb2021      17feb2021       Kurtosis       1.806532
0

   COVID-19 |
      death |
     (ONS), |
censored 31 |
     Aug 20 |      Freq.     Percent        Cum.
------------+-----------------------------------
          0 |     23,199       97.86       97.86
          1 |        508        2.14      100.00
------------+-----------------------------------
      Total |     23,707      100.00
0

   COVID-19 |
   hospital |
 admission, |
censored 31 |
     Aug 20 |      Freq.     Percent        Cum.
------------+-----------------------------------
          0 |     21,379       90.18       90.18
          1 |      2,328        9.82      100.00
------------+-----------------------------------
      Total |     23,707      100.00
0

  COVID-19 |
     death |   COVID-19 hospital
    (ONS), |  admission, censored
  censored |       31 Aug 20
 31 Aug 20 |         0          1 |     Total
-----------+----------------------+----------
         0 |    20,892      2,307 |    23,199 
         1 |       487         21 |       508 
-----------+----------------------+----------
     Total |    21,379      2,328 |    23,707 
0

   COVID-19 |
   hospital |
  admission |
  or death, |
censored 31 |
     Aug 20 |      Freq.     Percent        Cum.
------------+-----------------------------------
          0 |     20,786       87.68       87.68
          1 |      2,921       12.32      100.00
------------+-----------------------------------
      Total |     23,707      100.00
0

   COVID-19 |
death (ONS) |
 (competing |
 events not |
 censored), |
censored 31 |
     Aug 20 |      Freq.     Percent        Cum.
------------+-----------------------------------
          0 |     23,199       97.86       97.86
          1 |        508        2.14      100.00
------------+-----------------------------------
      Total |     23,707      100.00
0

   COVID-19 |
   hospital |
  admission |
 (competing |
 events not |
 censored), |
censored 31 |
     Aug 20 |      Freq.     Percent        Cum.
------------+-----------------------------------
          0 |     21,246       89.62       89.62
          1 |      2,461       10.38      100.00
------------+-----------------------------------
      Total |     23,707      100.00
0

  COVID-19 |
     death |
     (ONS) |
(competing |   COVID-19 hospital
events not | admission  (competing
censored), | events not censored),
  censored |  censored 31 Aug 20
 31 Aug 20 |         0          1 |     Total
-----------+----------------------+----------
         0 |    20,786      2,413 |    23,199 
         1 |       460         48 |       508 
-----------+----------------------+----------
     Total |    21,246      2,461 |    23,707 
0

  COVID-19 | COVID-19 death (ONS)
     death | (competing events not
    (ONS), |  censored), censored
  censored |       31 Aug 20
 31 Aug 20 |         0          1 |     Total
-----------+----------------------+----------
         0 |    23,199          0 |    23,199 
         1 |         0        508 |       508 
-----------+----------------------+----------
     Total |    23,199        508 |    23,707 
0

  COVID-19 |   COVID-19 hospital
  hospital | admission  (competing
admission, | events not censored),
  censored |  censored 31 Aug 20
 31 Aug 20 |         0          1 |     Total
-----------+----------------------+----------
         0 |    21,246        133 |    21,379 
         1 |         0      2,328 |     2,328 
-----------+----------------------+----------
     Total |    21,246      2,461 |    23,707 

-------------------------------------------------------------------------------
-> coviddeath1 = 0

    Variable |        Obs        Mean    Std. Dev.       Min        Max
-------------+---------------------------------------------------------
stime_cov~h1 |     23,199    176.4337    29.31615          2        184

-------------------------------------------------------------------------------
-> coviddeath1 = 1

    Variable |        Obs        Mean    Std. Dev.       Min        Max
-------------+---------------------------------------------------------
stime_cov~h1 |        508    96.77362    52.42775          2        184


-------------------------------------------------------------------------------
-> covidadmission1 = 0

    Variable |        Obs        Mean    Std. Dev.       Min        Max
-------------+---------------------------------------------------------
stime_cov~n1 |     21,379    174.0457    33.33201          2        184

-------------------------------------------------------------------------------
-> covidadmission1 = 1

    Variable |        Obs        Mean    Std. Dev.       Min        Max
-------------+---------------------------------------------------------
stime_cov~n1 |      2,328     91.9695    52.63266          2        184


-------------------------------------------------------------------------------
-> coviddeath1_nocensor = 0

    Variable |        Obs        Mean    Std. Dev.       Min        Max
-------------+---------------------------------------------------------
stime_covi.. |     23,199         184           0        184        184

-------------------------------------------------------------------------------
-> coviddeath1_nocensor = 1

    Variable |        Obs        Mean    Std. Dev.       Min        Max
-------------+---------------------------------------------------------
stime_covi.. |        508    96.77362    52.42775          2        184


-------------------------------------------------------------------------------
-> covidadmission1_nocensor = 0

    Variable |        Obs        Mean    Std. Dev.       Min        Max
-------------+---------------------------------------------------------
stime_covi.. |     21,246         184           0        184        184

-------------------------------------------------------------------------------
-> covidadmission1_nocensor = 1

    Variable |        Obs        Mean    Std. Dev.       Min        Max
-------------+---------------------------------------------------------
stime_covi.. |      2,461    93.65949    52.62036          2        184

0

   COVID-19 |
      death |
     (ONS), |
   censored |
latest date |      Freq.     Percent        Cum.
------------+-----------------------------------
          0 |     22,754       95.98       95.98
          1 |        953        4.02      100.00
------------+-----------------------------------
      Total |     23,707      100.00
0

   COVID-19 |
   hospital |
 admission, |
   censored |
latest date |      Freq.     Percent        Cum.
------------+-----------------------------------
          0 |     19,538       82.41       82.41
          1 |      4,169       17.59      100.00
------------+-----------------------------------
      Total |     23,707      100.00
0

  COVID-19 |
     death |
    (ONS), |   COVID-19 hospital
  censored |  admission, censored
    latest |      latest date
      date |         0          1 |     Total
-----------+----------------------+----------
         0 |    18,662      4,092 |    22,754 
         1 |       876         77 |       953 
-----------+----------------------+----------
     Total |    19,538      4,169 |    23,707 
0

   COVID-19 |
   hospital |
  admission |
  or death, |
   censored |
latest date |      Freq.     Percent        Cum.
------------+-----------------------------------
          0 |     18,268       77.06       77.06
          1 |      5,439       22.94      100.00
------------+-----------------------------------
      Total |     23,707      100.00
0

   COVID-19 |
death (ONS) |
 (competing |
 events not |
 censored), |
   censored |
latest date |      Freq.     Percent        Cum.
------------+-----------------------------------
          0 |     22,754       95.98       95.98
          1 |        953        4.02      100.00
------------+-----------------------------------
      Total |     23,707      100.00
0

   COVID-19 |
   hospital |
  admission |
 (competing |
 events not |
 censored), |
   censored |
  latest da |      Freq.     Percent        Cum.
------------+-----------------------------------
          0 |     19,052       80.36       80.36
          1 |      4,655       19.64      100.00
------------+-----------------------------------
      Total |     23,707      100.00
0

  COVID-19 |
     death |
     (ONS) |
(competing |
events not |   COVID-19 hospital
censored), | admission  (competing
  censored | events not censored),
    latest |  censored latest da
      date |         0          1 |     Total
-----------+----------------------+----------
         0 |    18,268      4,486 |    22,754 
         1 |       784        169 |       953 
-----------+----------------------+----------
     Total |    19,052      4,655 |    23,707 

    Variable |        Obs        Mean    Std. Dev.       Min        Max
-------------+---------------------------------------------------------
stime_cov~h1 |     23,707    174.7267    32.13837          2        184
stime_cov~n1 |     23,707     165.986     43.2484          2        184
stime_comp~1 |     23,707     165.986     43.2484          2        184
stime_nonc~1 |     23,707    174.7267    32.13837          2        184
stime_covi.. |     23,707    182.1309    14.77615          2        184
-------------+---------------------------------------------------------
stime_covi.. |     23,707    174.6218    32.35185          2        184
stime_cov~h2 |     23,707    313.3216    81.05905          2        347
stime_cov~n2 |     23,707     284.063    103.5752          2        347
stime_comp~2 |     23,707     284.063    103.5752          2        347
stime_nonc~2 |     23,707    313.3216    81.05905          2        347
-------------+---------------------------------------------------------
stime_covi.. |     23,707    340.1214     38.9468          2        347
stime_covi.. |     23,707    313.2656    81.32052          2        347

-------------------------------------------------------------------------------
-> coviddeath2 = 0

    Variable |        Obs        Mean    Std. Dev.       Min        Max
-------------+---------------------------------------------------------
stime_cov~h2 |     22,754    319.0777    74.95464          2        347

-------------------------------------------------------------------------------
-> coviddeath2 = 1

    Variable |        Obs        Mean    Std. Dev.       Min        Max
-------------+---------------------------------------------------------
stime_cov~h2 |        953    175.8856    98.17813          2        347


-------------------------------------------------------------------------------
-> covidadmission2 = 0

    Variable |        Obs        Mean    Std. Dev.       Min        Max
-------------+---------------------------------------------------------
stime_cov~n2 |     19,538    308.6912    86.28042          2        347

-------------------------------------------------------------------------------
-> covidadmission2 = 1

    Variable |        Obs        Mean    Std. Dev.       Min        Max
-------------+---------------------------------------------------------
stime_cov~n2 |      4,169    168.6433    99.76634          2        347


-------------------------------------------------------------------------------
-> coviddeath2_nocensor = 0

    Variable |        Obs        Mean    Std. Dev.       Min        Max
-------------+---------------------------------------------------------
stime_covi.. |     22,754         347           0        347        347

-------------------------------------------------------------------------------
-> coviddeath2_nocensor = 1

    Variable |        Obs        Mean    Std. Dev.       Min        Max
-------------+---------------------------------------------------------
stime_covi.. |        953    175.8856    98.17813          2        347


-------------------------------------------------------------------------------
-> covidadmission2_nocensor = 0

    Variable |        Obs        Mean    Std. Dev.       Min        Max
-------------+---------------------------------------------------------
stime_covi.. |     19,052         347           0        347        347

-------------------------------------------------------------------------------
-> covidadmission2_nocensor = 1

    Variable |        Obs        Mean    Std. Dev.       Min        Max
-------------+---------------------------------------------------------
stime_covi.. |      4,655    175.1972    99.79497          2        347

9

  Geographical region (7 |
        England regions) |      Freq.     Percent        Cum.
-------------------------+-----------------------------------
                    East |      2,369        9.99        9.99
                  London |      4,810       20.29       30.28
                Midlands |      7,121       30.04       60.32
North East and Yorkshire |      4,741       20.00       80.32
              North West |      2,326        9.81       90.13
              South East |      2,340        9.87      100.00
-------------------------+-----------------------------------
                   Total |     23,707      100.00
4

Sustainabil |
    ity and |
Transformat |
        ion |
Partnership |      Freq.     Percent        Cum.
------------+-----------------------------------
          1 |        919        3.88        3.88
          2 |        964        4.07        7.94
          3 |        989        4.17       12.11
          4 |        958        4.04       16.16
          5 |        938        3.96       20.11
          6 |        968        4.08       24.20
          7 |        933        3.94       28.13
          8 |        742        3.13       31.26
          9 |        748        3.16       34.42
         10 |        707        2.98       37.40
         11 |        667        2.81       40.21
         12 |        700        2.95       43.16
         13 |        671        2.83       45.99
         14 |        727        3.07       49.06
         15 |        716        3.02       52.08
         16 |        701        2.96       55.04
         17 |        686        2.89       57.93
         18 |        693        2.92       60.86
         19 |        691        2.91       63.77
         20 |        741        3.13       66.90
         21 |        779        3.29       70.18
         22 |        696        2.94       73.12
         23 |        721        3.04       76.16
         24 |        711        3.00       79.16
         25 |        715        3.02       82.17
         26 |        690        2.91       85.08
         27 |        731        3.08       88.17
         28 |        701        2.96       91.12
         29 |        681        2.87       94.00
         30 |        700        2.95       96.95
         31 |        723        3.05      100.00
------------+-----------------------------------
      Total |     23,707      100.00

                         Age (years)
-------------------------------------------------------------
      Percentiles      Smallest
 1%           18             18
 5%           21             18
10%           24             18       Obs              23,707
25%           33             18       Sum of Wgt.      23,707

50%           48                      Mean           49.16852
                        Largest       Std. Dev.      18.92458
75%           63            101
90%           75            103       Variance       358.1398
95%           82            105       Skewness       .2369409
99%           91            105       Kurtosis       2.148379
9

Grouped age |      Freq.     Percent        Cum.
------------+-----------------------------------
     16-<45 |     10,221       43.11       43.11
     45-<65 |      7,950       33.53       76.65
     65-<70 |      1,524        6.43       83.08
     70-<75 |      1,456        6.14       89.22
     75-<80 |      1,018        4.29       93.51
        80+ |      1,538        6.49      100.00
------------+-----------------------------------
      Total |     23,707      100.00
5

       Male |      Freq.     Percent        Cum.
------------+-----------------------------------
          0 |     12,166       51.32       51.32
          1 |     11,541       48.68      100.00
------------+-----------------------------------
      Total |     23,707      100.00
12

        Ethnicity in 5 |
            categories |      Freq.     Percent        Cum.
-----------------------+-----------------------------------
                 White |      4,809       20.29       20.29
                 Mixed |      4,710       19.87       40.15
Asian or Asian British |      4,787       20.19       60.35
                 Black |      4,673       19.71       80.06
                 Other |      4,728       19.94      100.00
-----------------------+-----------------------------------
                 Total |     23,707      100.00
4

        Index of |
        Multiple |
     Deprivation |
           (IMD) |      Freq.     Percent        Cum.
-----------------+-----------------------------------
1 least deprived |      9,499       40.07       40.07
               3 |      9,458       39.90       79.96
               4 |      4,750       20.04      100.00
-----------------+-----------------------------------
           Total |     23,707      100.00

                Body Mass Index (BMI, kg/m2)
-------------------------------------------------------------
      Percentiles      Smallest
 1%     16.48423       15.01445
 5%     20.00661       15.02122
10%     22.88087       15.02155       Obs              20,462
25%     28.30259       15.02468       Sum of Wgt.      20,462

50%     34.45692                      Mean           34.19867
                        Largest       Std. Dev.      8.154133
75%     40.41954       49.99549
90%     45.19468       49.99662       Variance       66.48989
95%     47.12141       49.99737       Skewness      -.1579628
99%      49.4496       49.99848       Kurtosis       2.286937
9

      Obesity group (no missing) |      Freq.     Percent        Cum.
---------------------------------+-----------------------------------
             Underweight (<18.5) |        618        2.61        2.61
No record of obesity/underweight |      8,976       37.86       40.47
               Obese I (30-34.9) |      4,389       18.51       58.98
              Obese II (35-39.9) |      4,303       18.15       77.13
                 Obese III (40+) |      5,421       22.87      100.00
---------------------------------+-----------------------------------
                           Total |     23,707      100.00
10

      Asthma |      Freq.     Percent        Cum.
-------------+-----------------------------------
          No |      3,782       15.95       15.95
 Yes, no OCS |        508        2.14       18.10
Yes with OCS |        486        2.05       20.15
           . |     18,931       79.85      100.00
-------------+-----------------------------------
       Total |     23,707      100.00
3

     Cystic |
Fibrosis (& |
   related) |      Freq.     Percent        Cum.
------------+-----------------------------------
          0 |     19,038       80.31       80.31
          1 |      4,669       19.69      100.00
------------+-----------------------------------
      Total |     23,707      100.00
12

Respiratory |
    disease |
     (excl. |
    asthma) |      Freq.     Percent        Cum.
------------+-----------------------------------
          0 |     18,987       80.09       80.09
          1 |      4,720       19.91      100.00
------------+-----------------------------------
      Total |     23,707      100.00
8

      Heart |
    disease |      Freq.     Percent        Cum.
------------+-----------------------------------
          0 |     19,022       80.24       80.24
          1 |      4,685       19.76      100.00
------------+-----------------------------------
      Total |     23,707      100.00
3

     Atrial |
fibrillatio |
          n |      Freq.     Percent        Cum.
------------+-----------------------------------
          0 |     19,033       80.28       80.28
          1 |      4,674       19.72      100.00
------------+-----------------------------------
      Total |     23,707      100.00
7

  Deep vein |
thrombosis/ |
  pulmonary |
   embolism |      Freq.     Percent        Cum.
------------+-----------------------------------
          0 |     19,092       80.53       80.53
          1 |      4,615       19.47      100.00
------------+-----------------------------------
      Total |     23,707      100.00
8

                  Diabetes |      Freq.     Percent        Cum.
---------------------------+-----------------------------------
               No diabetes |     19,064       80.42       80.42
       Controlled diabetes |      3,762       15.87       96.28
     Uncontrolled diabetes |        864        3.64       99.93
Diabetes, no hba1c measure |         17        0.07      100.00
---------------------------+-----------------------------------
                     Total |     23,707      100.00
7

     Stroke |      Freq.     Percent        Cum.
------------+-----------------------------------
          0 |     19,030       80.27       80.27
          1 |      4,677       19.73      100.00
------------+-----------------------------------
      Total |     23,707      100.00
4

  Transient |
   ischemic |
     attack |      Freq.     Percent        Cum.
------------+-----------------------------------
          0 |     19,038       80.31       80.31
          1 |      4,669       19.69      100.00
------------+-----------------------------------
      Total |     23,707      100.00
9

   Dementia |      Freq.     Percent        Cum.
------------+-----------------------------------
          0 |     19,082       80.49       80.49
          1 |      4,625       19.51      100.00
------------+-----------------------------------
      Total |     23,707      100.00
6

      Neuro |
  condition |
 other than |
stroke/deme |
       ntia |      Freq.     Percent        Cum.
------------+-----------------------------------
          0 |     19,002       80.15       80.15
          1 |      4,705       19.85      100.00
------------+-----------------------------------
      Total |     23,707      100.00
9

       Kidney function |      Freq.     Percent        Cum.
-----------------------+-----------------------------------
                  None |     15,037       63.43       63.43
Stage 3a/3b egfr 30-60 |        154        0.65       64.08
     Stage 4/5 egfr<30 |      8,516       35.92      100.00
-----------------------+-----------------------------------
                 Total |     23,707      100.00
11

      Organ |
 transplant |
  recipient |      Freq.     Percent        Cum.
------------+-----------------------------------
          0 |     15,322       64.63       64.63
          1 |      8,385       35.37      100.00
------------+-----------------------------------
      Total |     23,707      100.00
9

   Dialysis |      Freq.     Percent        Cum.
------------+-----------------------------------
          0 |     19,415       81.90       81.90
          1 |      4,292       18.10      100.00
------------+-----------------------------------
      Total |     23,707      100.00
6

      Liver |
    disease |      Freq.     Percent        Cum.
------------+-----------------------------------
          0 |     19,027       80.26       80.26
          1 |      4,680       19.74      100.00
------------+-----------------------------------
      Total |     23,707      100.00
11

Haematologica |
     l cancer |      Freq.     Percent        Cum.
--------------+-----------------------------------
        Never |     19,051       80.36       80.36
    Last year |         95        0.40       80.76
2-5 years ago |        371        1.56       82.33
     5+ years |      4,190       17.67      100.00
--------------+-----------------------------------
        Total |     23,707      100.00
13

          Non |
haematologica |
     l cancer |      Freq.     Percent        Cum.
--------------+-----------------------------------
        Never |     15,365       64.81       64.81
    Last year |        149        0.63       65.44
2-5 years ago |        642        2.71       68.15
     5+ years |      7,551       31.85      100.00
--------------+-----------------------------------
        Total |     23,707      100.00
18

 Conditions |
    causing |
  permanent |
         or |
  temporary |
immunosuppr |
     ession |      Freq.     Percent        Cum.
------------+-----------------------------------
          0 |     18,917       79.79       79.79
          1 |      4,790       20.21      100.00
------------+-----------------------------------
      Total |     23,707      100.00
7

     Spleen |
   problems |
(dysplenia, |
     sickle |
      cell) |      Freq.     Percent        Cum.
------------+-----------------------------------
          0 |     15,338       64.70       64.70
          1 |      8,369       35.30      100.00
------------+-----------------------------------
      Total |     23,707      100.00
11

   RA, SLE, |
  Psoriasis |
(autoimmune |
   disease) |      Freq.     Percent        Cum.
------------+-----------------------------------
          0 |     19,022       80.24       80.24
          1 |      4,685       19.76      100.00
------------+-----------------------------------
      Total |     23,707      100.00
4

        IBD |      Freq.     Percent        Cum.
------------+-----------------------------------
          0 |     19,032       80.28       80.28
          1 |      4,675       19.72      100.00
------------+-----------------------------------
      Total |     23,707      100.00
4

    Serious |
     mental |
    illness |      Freq.     Percent        Cum.
------------+-----------------------------------
          0 |     19,057       80.39       80.39
          1 |      4,650       19.61      100.00
------------+-----------------------------------
      Total |     23,707      100.00
4

On learning |
 disability |
   register |      Freq.     Percent        Cum.
------------+-----------------------------------
          0 |     14,338       60.48       60.48
          1 |      9,369       39.52      100.00
------------+-----------------------------------
      Total |     23,707      100.00
3

     Down's |
   Syndrome |      Freq.     Percent        Cum.
------------+-----------------------------------
          0 |     19,135       80.71       80.71
          1 |      4,572       19.29      100.00
------------+-----------------------------------
      Total |     23,707      100.00
9

   Fracture |
   (in 65+) |      Freq.     Percent        Cum.
------------+-----------------------------------
          0 |     23,661       99.81       99.81
          1 |         46        0.19      100.00
------------+-----------------------------------
      Total |     23,707      100.00
(Analysis dataset, wave 2 (1 Sept 20 - latest), for absolute risk work)
0

        Ethnicity in 5 |
            categories |      Freq.     Percent        Cum.
-----------------------+-----------------------------------
                 White |      4,237       20.02       20.02
                 Mixed |      4,199       19.84       39.87
Asian or Asian British |      4,260       20.13       60.00
                 Black |      4,268       20.17       80.17
                 Other |      4,195       19.83      100.00
-----------------------+-----------------------------------
                 Total |     21,159      100.00
12

        Ethnicity in 5 |
            categories |      Freq.     Percent        Cum.
-----------------------+-----------------------------------
                 White |      4,237       20.02       20.02
                 Mixed |      4,199       19.84       39.87
Asian or Asian British |      4,260       20.13       60.00
                 Black |      4,268       20.17       80.17
                 Other |      4,195       19.83      100.00
-----------------------+-----------------------------------
                 Total |     21,159      100.00
(0 observations deleted)

                 Date of ONS COVID-19 death
-------------------------------------------------------------
      Percentiles      Smallest
 1%    02sep2020      02sep2020
 5%    11sep2020      02sep2020
10%    18sep2020      02sep2020       Obs                 461
25%    12oct2020      02sep2020       Sum of Wgt.         461

50%    26nov2020                      Mean          25nov2020
                        Largest       Std. Dev.      49.16452
75%    07jan2021      17feb2021
90%    01feb2021      17feb2021       Variance        2417.15
95%    09feb2021      17feb2021       Skewness      -.0114797
99%    17feb2021      17feb2021       Kurtosis       1.760711

               Date of ONS non-COVID-19 death
-------------------------------------------------------------
      Percentiles      Smallest
 1%    02sep2020      01sep2020
 5%    09sep2020      01sep2020
10%    16sep2020      01sep2020       Obs               1,816
25%    09oct2020      01sep2020       Sum of Wgt.       1,816

50%    22nov2020                      Mean          22nov2020
                        Largest       Std. Dev.      49.64001
75%    04jan2021      17feb2021
90%    02feb2021      17feb2021       Variance       2464.131
95%    09feb2021      17feb2021       Skewness       .0594904
99%    15feb2021      17feb2021       Kurtosis       1.779744

             Date of COVID-19 hospital admission
-------------------------------------------------------------
      Percentiles      Smallest
 1%    05mar2020      02mar2020
 5%    20mar2020      02mar2020
10%    08apr2020      02mar2020       Obs               4,169
25%    30may2020      02mar2020       Sum of Wgt.       4,169

50%    26aug2020                      Mean          25aug2020
                        Largest       Std. Dev.      101.1963
75%    20nov2020      17feb2021
90%    13jan2021      17feb2021       Variance       10240.68
95%    31jan2021      17feb2021       Skewness      -.0037361
99%    14feb2021      17feb2021       Kurtosis       1.805093

       Date of first of COVID-19 hospital admission or
                            death
-------------------------------------------------------------
      Percentiles      Smallest
 1%    06mar2020      02mar2020
 5%    22mar2020      02mar2020
10%    11apr2020      02mar2020       Obs               4,541
25%    06jun2020      02mar2020       Sum of Wgt.       4,541

50%    10sep2020                      Mean          01sep2020
                        Largest       Std. Dev.      101.1566
75%    27nov2020      17feb2021
90%    15jan2021      17feb2021       Variance       10232.66
95%    01feb2021      17feb2021       Skewness      -.1112441
99%    15feb2021      17feb2021       Kurtosis       1.820563
0

   COVID-19 |
      death |
     (ONS), |
   censored |
latest date |      Freq.     Percent        Cum.
------------+-----------------------------------
          0 |     20,717       97.91       97.91
          1 |        442        2.09      100.00
------------+-----------------------------------
      Total |     21,159      100.00
0

   COVID-19 |
   hospital |
 admission, |
   censored |
latest date |      Freq.     Percent        Cum.
------------+-----------------------------------
          0 |     17,190       81.24       81.24
          1 |      3,969       18.76      100.00
------------+-----------------------------------
      Total |     21,159      100.00
0

  COVID-19 |
     death |
    (ONS), |   COVID-19 hospital
  censored |  admission, censored
    latest |      latest date
      date |         0          1 |     Total
-----------+----------------------+----------
         0 |    16,814      3,903 |    20,717 
         1 |       376         66 |       442 
-----------+----------------------+----------
     Total |    17,190      3,969 |    21,159 
0

   COVID-19 |
   hospital |
  admission |
  or death, |
   censored |
latest date |      Freq.     Percent        Cum.
------------+-----------------------------------
          0 |     16,723       79.03       79.03
          1 |      4,436       20.97      100.00
------------+-----------------------------------
      Total |     21,159      100.00
0

   COVID-19 |
death (ONS) |
 (competing |
 events not |
 censored), |
   censored |
latest date |      Freq.     Percent        Cum.
------------+-----------------------------------
          0 |     20,717       97.91       97.91
          1 |        442        2.09      100.00
------------+-----------------------------------
      Total |     21,159      100.00
0

   COVID-19 |
   hospital |
  admission |
 (competing |
 events not |
 censored), |
   censored |
  latest da |      Freq.     Percent        Cum.
------------+-----------------------------------
          0 |     17,078       80.71       80.71
          1 |      4,081       19.29      100.00
------------+-----------------------------------
      Total |     21,159      100.00
0

  COVID-19 |
     death |
     (ONS) |
(competing |
events not |   COVID-19 hospital
censored), | admission  (competing
  censored | events not censored),
    latest |  censored latest da
      date |         0          1 |     Total
-----------+----------------------+----------
         0 |    16,723      3,994 |    20,717 
         1 |       355         87 |       442 
-----------+----------------------+----------
     Total |    17,078      4,081 |    21,159 

    Variable |        Obs        Mean    Std. Dev.       Min        Max
-------------+---------------------------------------------------------
stime_cov~h2 |     21,159    154.4974    29.33944          1        163
stime_cov~n2 |     21,159    122.6572    82.38066       -182        163
stime_comp~2 |     21,159    122.6572    82.38066       -182        163
stime_nonc~2 |     21,159    154.4974    29.33944          1        163
stime_covi.. |     21,159    161.3256      13.335          2        163
-------------+---------------------------------------------------------
stime_covi.. |     21,159    129.7656    80.70409       -182        163

-------------------------------------------------------------------------------
-> coviddeath2 = 0

    Variable |        Obs        Mean    Std. Dev.       Min        Max
-------------+---------------------------------------------------------
stime_cov~h2 |     20,717    156.0261    26.83081          1        163

-------------------------------------------------------------------------------
-> coviddeath2 = 1

    Variable |        Obs        Mean    Std. Dev.       Min        Max
-------------+---------------------------------------------------------
stime_cov~h2 |        442    82.84389     47.1845          2        163


-------------------------------------------------------------------------------
-> covidadmission2 = 0

    Variable |        Obs        Mean    Std. Dev.       Min        Max
-------------+---------------------------------------------------------
stime_cov~n2 |     17,190    153.9145    30.39723          1        163

-------------------------------------------------------------------------------
-> covidadmission2 = 1

    Variable |        Obs        Mean    Std. Dev.       Min        Max
-------------+---------------------------------------------------------
stime_cov~n2 |      3,969   -12.72033    98.08223       -182        163


-------------------------------------------------------------------------------
-> coviddeath2_nocensor = 0

    Variable |        Obs        Mean    Std. Dev.       Min        Max
-------------+---------------------------------------------------------
stime_covi.. |     20,717         163           0        163        163

-------------------------------------------------------------------------------
-> coviddeath2_nocensor = 1

    Variable |        Obs        Mean    Std. Dev.       Min        Max
-------------+---------------------------------------------------------
stime_covi.. |        442    82.84389     47.1845          2        163


-------------------------------------------------------------------------------
-> covidadmission2_nocensor = 0

    Variable |        Obs        Mean    Std. Dev.       Min        Max
-------------+---------------------------------------------------------
stime_covi.. |     17,078         163           0        163        163

-------------------------------------------------------------------------------
-> covidadmission2_nocensor = 1

    Variable |        Obs        Mean    Std. Dev.       Min        Max
-------------+---------------------------------------------------------
stime_covi.. |      4,081   -9.312423    99.02045       -182        163

9

  Geographical region (7 |
        England regions) |      Freq.     Percent        Cum.
-------------------------+-----------------------------------
                    East |      2,037        9.63        9.63
                  London |      4,177       19.74       29.37
                Midlands |      6,416       30.32       59.69
North East and Yorkshire |      4,147       19.60       79.29
              North West |      2,181       10.31       89.60
              South East |      2,201       10.40      100.00
-------------------------+-----------------------------------
                   Total |     21,159      100.00
4

Sustainabil |
    ity and |
Transformat |
        ion |
Partnership |      Freq.     Percent        Cum.
------------+-----------------------------------
          1 |        885        4.18        4.18
          2 |        830        3.92        8.11
          3 |        816        3.86       11.96
          4 |        837        3.96       15.92
          5 |        842        3.98       19.90
          6 |        861        4.07       23.97
          7 |        815        3.85       27.82
          8 |        662        3.13       30.95
          9 |        644        3.04       33.99
         10 |        662        3.13       37.12
         11 |        661        3.12       40.24
         12 |        599        2.83       43.07
         13 |        658        3.11       46.18
         14 |        682        3.22       49.41
         15 |        620        2.93       52.34
         16 |        681        3.22       55.56
         17 |        619        2.93       58.48
         18 |        631        2.98       61.46
         19 |        623        2.94       64.41
         20 |        628        2.97       67.38
         21 |        618        2.92       70.30
         22 |        629        2.97       73.27
         23 |        633        2.99       76.26
         24 |        600        2.84       79.10
         25 |        645        3.05       82.14
         26 |        654        3.09       85.24
         27 |        629        2.97       88.21
         28 |        674        3.19       91.39
         29 |        628        2.97       94.36
         30 |        605        2.86       97.22
         31 |        588        2.78      100.00
------------+-----------------------------------
      Total |     21,159      100.00

                         Age (years)
-------------------------------------------------------------
      Percentiles      Smallest
 1%           18             18
 5%           21             18
10%           24             18       Obs              21,159
25%           33             18       Sum of Wgt.      21,159

50%           48                      Mean           48.86299
                        Largest       Std. Dev.      18.85575
75%           63            101
90%           75            103       Variance       355.5393
95%           82            103       Skewness       .2544993
99%           90            103       Kurtosis       2.145118
9

Grouped age |      Freq.     Percent        Cum.
------------+-----------------------------------
     16-<45 |      9,247       43.70       43.70
     45-<65 |      7,065       33.39       77.09
     65-<70 |      1,389        6.56       83.66
     70-<75 |      1,243        5.87       89.53
     75-<80 |        891        4.21       93.74
        80+ |      1,324        6.26      100.00
------------+-----------------------------------
      Total |     21,159      100.00
5

       Male |      Freq.     Percent        Cum.
------------+-----------------------------------
          0 |     10,819       51.13       51.13
          1 |     10,340       48.87      100.00
------------+-----------------------------------
      Total |     21,159      100.00
12

        Ethnicity in 5 |
            categories |      Freq.     Percent        Cum.
-----------------------+-----------------------------------
                 White |      4,237       20.02       20.02
                 Mixed |      4,199       19.84       39.87
Asian or Asian British |      4,260       20.13       60.00
                 Black |      4,268       20.17       80.17
                 Other |      4,195       19.83      100.00
-----------------------+-----------------------------------
                 Total |     21,159      100.00
4

        Index of |
        Multiple |
     Deprivation |
           (IMD) |      Freq.     Percent        Cum.
-----------------+-----------------------------------
1 least deprived |      4,232       20.00       20.00
               2 |      4,350       20.56       40.56
               3 |      4,179       19.75       60.31
               4 |      4,260       20.13       80.44
 5 most deprived |      4,138       19.56      100.00
-----------------+-----------------------------------
           Total |     21,159      100.00

                Body Mass Index (BMI, kg/m2)
-------------------------------------------------------------
      Percentiles      Smallest
 1%     16.36234       15.00694
 5%     19.96406       15.00926
10%     22.83232       15.01662       Obs              18,392
25%     28.18898       15.02108       Sum of Wgt.      18,392

50%     34.48716                      Mean            34.1181
                        Largest       Std. Dev.      8.154831
75%     40.27735        49.9867
90%     45.00059       49.99059       Variance       66.50127
95%     47.10743       49.99063       Skewness      -.1637291
99%     49.31895       49.99961       Kurtosis        2.28385
9

      Obesity group (no missing) |      Freq.     Percent        Cum.
---------------------------------+-----------------------------------
             Underweight (<18.5) |        577        2.73        2.73
No record of obesity/underweight |      7,965       37.64       40.37
               Obese I (30-34.9) |      3,845       18.17       58.54
              Obese II (35-39.9) |      3,960       18.72       77.26
                 Obese III (40+) |      4,812       22.74      100.00
---------------------------------+-----------------------------------
                           Total |     21,159      100.00
10

      Asthma |      Freq.     Percent        Cum.
-------------+-----------------------------------
          No |      3,423       16.18       16.18
 Yes, no OCS |        384        1.81       17.99
Yes with OCS |        430        2.03       20.02
           . |     16,922       79.98      100.00
-------------+-----------------------------------
       Total |     21,159      100.00
3

     Cystic |
Fibrosis (& |
   related) |      Freq.     Percent        Cum.
------------+-----------------------------------
          0 |     16,964       80.17       80.17
          1 |      4,195       19.83      100.00
------------+-----------------------------------
      Total |     21,159      100.00
12

Respiratory |
    disease |
     (excl. |
    asthma) |      Freq.     Percent        Cum.
------------+-----------------------------------
          0 |     16,963       80.17       80.17
          1 |      4,196       19.83      100.00
------------+-----------------------------------
      Total |     21,159      100.00
8

      Heart |
    disease |      Freq.     Percent        Cum.
------------+-----------------------------------
          0 |     17,070       80.67       80.67
          1 |      4,089       19.33      100.00
------------+-----------------------------------
      Total |     21,159      100.00
3

     Atrial |
fibrillatio |
          n |      Freq.     Percent        Cum.
------------+-----------------------------------
          0 |     16,965       80.18       80.18
          1 |      4,194       19.82      100.00
------------+-----------------------------------
      Total |     21,159      100.00
7

  Deep vein |
thrombosis/ |
  pulmonary |
   embolism |      Freq.     Percent        Cum.
------------+-----------------------------------
          0 |     17,018       80.43       80.43
          1 |      4,141       19.57      100.00
------------+-----------------------------------
      Total |     21,159      100.00
8

                  Diabetes |      Freq.     Percent        Cum.
---------------------------+-----------------------------------
               No diabetes |     16,943       80.07       80.07
       Controlled diabetes |      3,386       16.00       96.08
     Uncontrolled diabetes |        817        3.86       99.94
Diabetes, no hba1c measure |         13        0.06      100.00
---------------------------+-----------------------------------
                     Total |     21,159      100.00
7

     Stroke |      Freq.     Percent        Cum.
------------+-----------------------------------
          0 |     17,018       80.43       80.43
          1 |      4,141       19.57      100.00
------------+-----------------------------------
      Total |     21,159      100.00
4

  Transient |
   ischemic |
     attack |      Freq.     Percent        Cum.
------------+-----------------------------------
          0 |     16,979       80.24       80.24
          1 |      4,180       19.76      100.00
------------+-----------------------------------
      Total |     21,159      100.00
9

   Dementia |      Freq.     Percent        Cum.
------------+-----------------------------------
          0 |     16,959       80.15       80.15
          1 |      4,200       19.85      100.00
------------+-----------------------------------
      Total |     21,159      100.00
6

      Neuro |
  condition |
 other than |
stroke/deme |
       ntia |      Freq.     Percent        Cum.
------------+-----------------------------------
          0 |     17,053       80.59       80.59
          1 |      4,106       19.41      100.00
------------+-----------------------------------
      Total |     21,159      100.00
9

       Kidney function |      Freq.     Percent        Cum.
-----------------------+-----------------------------------
                  None |     13,501       63.81       63.81
Stage 3a/3b egfr 30-60 |        183        0.86       64.67
     Stage 4/5 egfr<30 |      7,475       35.33      100.00
-----------------------+-----------------------------------
                 Total |     21,159      100.00
11

      Organ |
 transplant |
  recipient |      Freq.     Percent        Cum.
------------+-----------------------------------
          0 |     13,653       64.53       64.53
          1 |      7,506       35.47      100.00
------------+-----------------------------------
      Total |     21,159      100.00
9

   Dialysis |      Freq.     Percent        Cum.
------------+-----------------------------------
          0 |     17,424       82.35       82.35
          1 |      3,735       17.65      100.00
------------+-----------------------------------
      Total |     21,159      100.00
6

      Liver |
    disease |      Freq.     Percent        Cum.
------------+-----------------------------------
          0 |     17,049       80.58       80.58
          1 |      4,110       19.42      100.00
------------+-----------------------------------
      Total |     21,159      100.00
11

Haematologica |
     l cancer |      Freq.     Percent        Cum.
--------------+-----------------------------------
        Never |     17,015       80.41       80.41
    Last year |         42        0.20       80.61
2-5 years ago |        335        1.58       82.20
     5+ years |      3,767       17.80      100.00
--------------+-----------------------------------
        Total |     21,159      100.00
13

          Non |
haematologica |
     l cancer |      Freq.     Percent        Cum.
--------------+-----------------------------------
        Never |     13,668       64.60       64.60
    Last year |         68        0.32       64.92
2-5 years ago |        572        2.70       67.62
     5+ years |      6,851       32.38      100.00
--------------+-----------------------------------
        Total |     21,159      100.00
18

 Conditions |
    causing |
  permanent |
         or |
  temporary |
immunosuppr |
     ession |      Freq.     Percent        Cum.
------------+-----------------------------------
          0 |     16,915       79.94       79.94
          1 |      4,244       20.06      100.00
------------+-----------------------------------
      Total |     21,159      100.00
7

     Spleen |
   problems |
(dysplenia, |
     sickle |
      cell) |      Freq.     Percent        Cum.
------------+-----------------------------------
          0 |     13,700       64.75       64.75
          1 |      7,459       35.25      100.00
------------+-----------------------------------
      Total |     21,159      100.00
11

   RA, SLE, |
  Psoriasis |
(autoimmune |
   disease) |      Freq.     Percent        Cum.
------------+-----------------------------------
          0 |     17,012       80.40       80.40
          1 |      4,147       19.60      100.00
------------+-----------------------------------
      Total |     21,159      100.00
4

        IBD |      Freq.     Percent        Cum.
------------+-----------------------------------
          0 |     16,995       80.32       80.32
          1 |      4,164       19.68      100.00
------------+-----------------------------------
      Total |     21,159      100.00
4

    Serious |
     mental |
    illness |      Freq.     Percent        Cum.
------------+-----------------------------------
          0 |     17,077       80.71       80.71
          1 |      4,082       19.29      100.00
------------+-----------------------------------
      Total |     21,159      100.00
4

On learning |
 disability |
   register |      Freq.     Percent        Cum.
------------+-----------------------------------
          0 |     12,853       60.74       60.74
          1 |      8,306       39.26      100.00
------------+-----------------------------------
      Total |     21,159      100.00
3

     Down's |
   Syndrome |      Freq.     Percent        Cum.
------------+-----------------------------------
          0 |     16,998       80.33       80.33
          1 |      4,161       19.67      100.00
------------+-----------------------------------
      Total |     21,159      100.00
9

   Fracture |
   (in 65+) |      Freq.     Percent        Cum.
------------+-----------------------------------
          0 |     21,121       99.82       99.82
          1 |         38        0.18      100.00
------------+-----------------------------------
      Total |     21,159      100.00

. 
. * Close log file
. log close
      name:  <unnamed>
       log:  /workspace/logs/AAR001_describe_cohort.log
  log type:  text
 closed on:  25 Feb 2021, 18:14:20
-------------------------------------------------------------------------------
