-------------------------------------------------------------------------------
      name:  <unnamed>
       log:  /workspace/logs/AL001_describe_cohort.log
  log type:  text
 opened on:   9 Feb 2021, 10:35:24

. 
. 
. * Add ado files
. adopath++ `c(pwd)'\analysis
  [1]              "/workspace\analysis"
  [2]  (BASE)      "/usr/local/stata/ado/base/"
  [3]  (SITE)      "/usr/local/ado/"
  [4]              "."
  [5]  (PERSONAL)  "~/ado/personal/"
  [6]  (PLUS)      "~/ado/plus/"
  [7]  (OLDPLACE)  "~/ado/"

. 
. 
. * Wave 1: i=1  (1 Mar 20 - 31 Aug 20) 
. * Wave 2: i=2  (1 Sept 20 - latest)
. forvalues i = 1 (1) 2 {
  2.          
.                 
.         /* Open base cohort   */ 
. 
.         use "analysis/data_ldanalysis_cohort`i'.dta", clear 
  3. 
.                 
.         /* Complete case for ethnicity   */ 
. 
.         safetab ethnicity_5
  4.         safetab ethnicity_5, m
  5.         drop if ethnicity_5>=.
  6. 
. 
. 
.                 
. 
.         *********************************
.         *  Describe exposure variables  *
.         *********************************
. 
.         safetab ldr
  7.         safetab ld_profound ldr, m
  8.         safetab ldr_cat
  9.         safetab ldr_carecat ldr, m
 10.         safetab ldr_carecat
 11. 
.         safetab ds ldr, m
 12.         safetab ds
 13. 
.         safetab cp ldr, m
 14.         safetab cp
 15. 
.         safetab ldr_group ldr, m
 16.         safetab ldr_group cp,  m
 17.         safetab ldr_group ds,  m
 18.         safetab ldr_group 
 19. 
.         
. 
. 
.         ***********************************
.         *  Describe confounder variables  *
.         ***********************************
. 
.         * Area
.         safetab region_7,               m
 20.         safetab stp,                    m
 21. 
.         * Age, sex and ethnicity
.         summ age,                       d 
 22.         safetab agegroup,       m
 23.         safetab child,          m
 24.         bysort child: summ age, d
 25.         safetab male,           m
 26. 
.         * Ethnicity
.         safetab ethnicity_5,    m
 27.         safetab ethnicity_16,   m
 28. 
.         
. 
. 
.         ********************************************
.         *  Describe potential mediators variables  *
.         ********************************************
. 
.         * Deprivation
.         safetab imd,                    m
 29. 
.         
.         * Residential care 
.         safetab resid_care_old, m
 30.         safetab resid_care_ldr, m
 31.         sum household_size, d
 32.         safetab resid_care_old resid_care_ldr
 33.         
. 
.         
.         
.         *******************************************
.         *  Describe comorbidities (adjusted for)  *
.         *******************************************
.         
.         * BMI
.         summ bmi,                       d
 34.         safetab obese40,        m
 35. 
.         
.         * Physical comorbidities, also indicators for vaccination
.         foreach var of varlist asthma_severe cf respiratory             ///
>                         cardiac  af dvt_pe diabcat                           
>                    ///
>                         liver stroke tia dementia                            
>                    ///
>                         kidneyfn {
 36.                         safetab `var', m
 37.         }
 38.                         
.         * Indicators for immunosuppression (an indication for vaccination)
.         foreach var of varlist spleen transplant dialysis               ///
>                         immunosuppression cancerHaem                         
>            ///
>                         autoimmune ibd cancerExhaem1yr {
 39.                         safetab `var', m
 40.         }
 41.         
.         
.         *****************************************************
.         *  Describe other vaccine priority group variables  *
.         *****************************************************
.         
.         foreach var of varlist smi neuro {
 42.                         safetab `var', m
 43.         }       
 44. 
.                         
.         ********************************
.         *  Describe outcome variables  *
.         ********************************
.                 
.         summ coviddeath_date otherdeath_date covidadmission_date composite_da
> te, d format
 45. 
.         if `i'==1 {     
 46.                 safetab coviddeath1 
 47.                 safetab covidadmission1 
 48.                 safetab coviddeath1 covidadmission1
 49.                 safetab composite1
 50.         }
 51.         safetab coviddeath2 
 52.         safetab covidadmission2 
 53.         safetab coviddeath2 covidadmission2
 54.         safetab composite2
 55. 
.         summ stime*
 56. 
. }
(Analysis dataset, wave 1 (1 Mar - 31 Aug 20), for learning disability work)
0

       Ethnicity in 16 |
            categories |      Freq.     Percent        Cum.
-----------------------+-----------------------------------
                 White |        167       22.30       22.30
                 Mixed |        144       19.23       41.52
Asian or Asian British |        159       21.23       62.75
                 Black |        137       18.29       81.04
                 Other |        142       18.96      100.00
-----------------------+-----------------------------------
                 Total |        749      100.00
12

       Ethnicity in 16 |
            categories |      Freq.     Percent        Cum.
-----------------------+-----------------------------------
                 White |        167       16.72       16.72
                 Mixed |        144       14.41       31.13
Asian or Asian British |        159       15.92       47.05
                 Black |        137       13.71       60.76
                 Other |        142       14.21       74.97
               Unknown |        250       25.03      100.00
-----------------------+-----------------------------------
                 Total |        999      100.00
(250 observations deleted)
0

   Learning |
 disability |      Freq.     Percent        Cum.
------------+-----------------------------------
          0 |        456       60.88       60.88
          1 |        293       39.12      100.00
------------+-----------------------------------
      Total |        749      100.00
16

Severe-pro |
     found |
  learning |  Learning disability
disability |         0          1 |     Total
-----------+----------------------+----------
         0 |       360        235 |       595 
         1 |        96         58 |       154 
-----------+----------------------+----------
     Total |       456        293 |       749 
0

     Learning |
   disability |
   split into |
mild-moderate |
          and |
severe-profou |
           nd |      Freq.     Percent        Cum.
--------------+-----------------------------------
   Not on LDR |        456       60.88       60.88
    LDR, mild |        235       31.38       92.26
LDR, profound |         58        7.74      100.00
--------------+-----------------------------------
        Total |        749      100.00
16

  Learning disability |
           split into |
       residential vs |
      non-residential |  Learning disability
              setting |         0          1 |     Total
----------------------+----------------------+----------
           Not on LDR |       456          0 |       456 
LDR, not in residenti |         0        293 |       293 
----------------------+----------------------+----------
                Total |       456        293 |       749 
0

   Learning disability split |
         into residential vs |
     non-residential setting |      Freq.     Percent        Cum.
-----------------------------+-----------------------------------
                  Not on LDR |        456       60.88       60.88
LDR, not in residential care |        293       39.12      100.00
-----------------------------+-----------------------------------
                       Total |        749      100.00
7

    Down's |  Learning disability
  Syndrome |         0          1 |     Total
-----------+----------------------+----------
         0 |       365        229 |       594 
         1 |        91         64 |       155 
-----------+----------------------+----------
     Total |       456        293 |       749 
0

     Down's |
   Syndrome |      Freq.     Percent        Cum.
------------+-----------------------------------
          0 |        594       79.31       79.31
          1 |        155       20.69      100.00
------------+-----------------------------------
      Total |        749      100.00
7

  Cerebral |  Learning disability
     Palsy |         0          1 |     Total
-----------+----------------------+----------
         0 |       364        236 |       600 
         1 |        92         57 |       149 
-----------+----------------------+----------
     Total |       456        293 |       749 
0

   Cerebral |
      Palsy |      Freq.     Percent        Cum.
------------+-----------------------------------
          0 |        600       80.11       80.11
          1 |        149       19.89      100.00
------------+-----------------------------------
      Total |        749      100.00
14

 Grouping of Down's, |
  Cerebral Palsy and |
 learning disability |  Learning disability
            register |         0          1 |     Total
---------------------+----------------------+----------
No DS, no CP, no LDR |       295          0 |       295 
      DS but not LDR |        69          0 |        69 
          DS and LDR |         0         53 |        53 
      CP but not LDR |        92          0 |        92 
          CP and LDR |         0         57 |        57 
 LD with no DS or CP |         0        183 |       183 
---------------------+----------------------+----------
               Total |       456        293 |       749 
13

 Grouping of Down's, |
  Cerebral Palsy and |
 learning disability |    Cerebral Palsy
            register |         0          1 |     Total
---------------------+----------------------+----------
No DS, no CP, no LDR |       295          0 |       295 
      DS but not LDR |        69          0 |        69 
          DS and LDR |        53          0 |        53 
      CP but not LDR |         0         92 |        92 
          CP and LDR |         0         57 |        57 
 LD with no DS or CP |       183          0 |       183 
---------------------+----------------------+----------
               Total |       600        149 |       749 
13

 Grouping of Down's, |
  Cerebral Palsy and |
 learning disability |    Down's Syndrome
            register |         0          1 |     Total
---------------------+----------------------+----------
No DS, no CP, no LDR |       295          0 |       295 
      DS but not LDR |         0         69 |        69 
          DS and LDR |         0         53 |        53 
      CP but not LDR |        70         22 |        92 
          CP and LDR |        46         11 |        57 
 LD with no DS or CP |       183          0 |       183 
---------------------+----------------------+----------
               Total |       594        155 |       749 
0

 Grouping of Down's, |
  Cerebral Palsy and |
 learning disability |
            register |      Freq.     Percent        Cum.
---------------------+-----------------------------------
No DS, no CP, no LDR |        295       39.39       39.39
      DS but not LDR |         69        9.21       48.60
          DS and LDR |         53        7.08       55.67
      CP but not LDR |         92       12.28       67.96
          CP and LDR |         57        7.61       75.57
 LD with no DS or CP |        183       24.43      100.00
---------------------+-----------------------------------
               Total |        749      100.00
9

  Geographical region (7 |
        England regions) |      Freq.     Percent        Cum.
-------------------------+-----------------------------------
                    East |         69        9.21        9.21
                  London |        136       18.16       27.37
                Midlands |        236       31.51       58.88
North East and Yorkshire |        159       21.23       80.11
              North West |         82       10.95       91.05
              South East |         67        8.95      100.00
-------------------------+-----------------------------------
                   Total |        749      100.00
4

Sustainabil |
    ity and |
Transformat |
        ion |
Partnership |      Freq.     Percent        Cum.
------------+-----------------------------------
          1 |         44        5.87        5.87
          2 |         31        4.14       10.01
          3 |         31        4.14       14.15
          4 |         26        3.47       17.62
          5 |         29        3.87       21.50
          6 |         30        4.01       25.50
          7 |         32        4.27       29.77
          8 |         13        1.74       31.51
          9 |         20        2.67       34.18
         10 |         13        1.74       35.91
         11 |         25        3.34       39.25
         12 |         24        3.20       42.46
         13 |         25        3.34       45.79
         14 |         27        3.60       49.40
         15 |         22        2.94       52.34
         16 |         23        3.07       55.41
         17 |         24        3.20       58.61
         18 |         18        2.40       61.01
         19 |         21        2.80       63.82
         20 |         25        3.34       67.16
         21 |          9        1.20       68.36
         22 |         27        3.60       71.96
         23 |         19        2.54       74.50
         24 |         17        2.27       76.77
         25 |         25        3.34       80.11
         26 |         29        3.87       83.98
         27 |         24        3.20       87.18
         28 |         25        3.34       90.52
         29 |         27        3.60       94.13
         30 |         20        2.67       96.80
         31 |         24        3.20      100.00
------------+-----------------------------------
      Total |        749      100.00

                         Age (years)
-------------------------------------------------------------
      Percentiles      Smallest
 1%            1              0
 5%            4              0
10%            7              0       Obs                 749
25%           19              0       Sum of Wgt.         749

50%           39                      Mean           40.16956
                        Largest       Std. Dev.      24.26479
75%           59             94
90%           73             94       Variance         588.78
95%           81             96       Skewness        .154436
99%           93            103       Kurtosis       2.050146
9

Grouped age |      Freq.     Percent        Cum.
------------+-----------------------------------
      0-<16 |        157       20.96       20.96
     16-<45 |        265       35.38       56.34
     45-<65 |        185       24.70       81.04
     65-<70 |         41        5.47       86.52
     70-<75 |         38        5.07       91.59
     75-<80 |         20        2.67       94.26
        80+ |         43        5.74      100.00
------------+-----------------------------------
      Total |        749      100.00
6

      Child |
  indicator |
(<16 years) |      Freq.     Percent        Cum.
------------+-----------------------------------
          0 |        592       79.04       79.04
          1 |        157       20.96      100.00
------------+-----------------------------------
      Total |        749      100.00

-------------------------------------------------------------------------------
-> child = 0

                         Age (years)
-------------------------------------------------------------
      Percentiles      Smallest
 1%           16             16
 5%           19             16
10%           23             16       Obs                 592
25%           33             16       Sum of Wgt.         592

50%           48                      Mean           48.80743
                        Largest       Std. Dev.      19.58037
75%           63             94
90%           75             94       Variance       383.3909
95%           82             96       Skewness       .2534162
99%           94            103       Kurtosis       2.200917

-------------------------------------------------------------------------------
-> child = 1

                         Age (years)
-------------------------------------------------------------
      Percentiles      Smallest
 1%            0              0
 5%            1              0
10%            1              0       Obs                 157
25%            4              0       Sum of Wgt.         157

50%            7                      Mean           7.598726
                        Largest       Std. Dev.      4.456139
75%           12             15
90%           13             15       Variance       19.85718
95%           15             15       Skewness       .0194949
99%           15             15       Kurtosis       1.777297

5

       Male |      Freq.     Percent        Cum.
------------+-----------------------------------
          0 |        383       51.13       51.13
          1 |        366       48.87      100.00
------------+-----------------------------------
      Total |        749      100.00
12

       Ethnicity in 16 |
            categories |      Freq.     Percent        Cum.
-----------------------+-----------------------------------
                 White |        167       22.30       22.30
                 Mixed |        144       19.23       41.52
Asian or Asian British |        159       21.23       62.75
                 Black |        137       18.29       81.04
                 Other |        142       18.96      100.00
-----------------------+-----------------------------------
                 Total |        749      100.00
13

        Ethnicity in 16 categories |      Freq.     Percent        Cum.
-----------------------------------+-----------------------------------
          British or Mixed British |        447       59.68       59.68
                       Other White |         66        8.81       68.49
             White + Black African |         52        6.94       75.43
                           Unknown |        184       24.57      100.00
-----------------------------------+-----------------------------------
                             Total |        749      100.00
4

        Index of |
        Multiple |
     Deprivation |
           (IMD) |      Freq.     Percent        Cum.
-----------------+-----------------------------------
1 least deprived |        528       70.49       70.49
               4 |        136       18.16       88.65
 5 most deprived |         85       11.35      100.00
-----------------+-----------------------------------
           Total |        749      100.00
15

Residential |
      care, |
    elderly |      Freq.     Percent        Cum.
------------+-----------------------------------
          0 |        749      100.00      100.00
------------+-----------------------------------
      Total |        749      100.00
15

Residential |
      care, |
   learning |
 disability |      Freq.     Percent        Cum.
------------+-----------------------------------
          0 |        749      100.00      100.00
------------+-----------------------------------
      Total |        749      100.00

                       Household size
-------------------------------------------------------------
      Percentiles      Smallest
 1%            0              0
 5%            1              0
10%            1              0       Obs                 749
25%            2              0       Sum of Wgt.         749

50%            3                      Mean           2.538051
                        Largest       Std. Dev.      1.044572
75%            3              5
90%            4              5       Variance        1.09113
95%            4              5       Skewness       .0574156
99%            5              6       Kurtosis       2.805717
0

           | Residentia
           |  l care,
Residentia |  learning
   l care, | disability
   elderly |         0 |     Total
-----------+-----------+----------
         0 |       749 |       749 
-----------+-----------+----------
     Total |       749 |       749 

                Body Mass Index (BMI, kg/m2)
-------------------------------------------------------------
      Percentiles      Smallest
 1%     16.27769       15.46317
 5%     20.81009       15.52695
10%     23.75503       15.61556       Obs                 513
25%     28.10672       15.77385       Sum of Wgt.         513

50%     33.84454                      Mean            33.8854
                        Largest       Std. Dev.      7.910842
75%     40.12244       49.49587
90%     44.12358       49.51208       Variance       62.58142
95%     46.84472       49.54319       Skewness      -.0875456
99%     49.39231        49.9908       Kurtosis       2.301457
8

Evidence of |
     BMI>40 |      Freq.     Percent        Cum.
------------+-----------------------------------
          0 |        618       82.51       82.51
          1 |        131       17.49      100.00
------------+-----------------------------------
      Total |        749      100.00
14

     Severe |
     asthma |      Freq.     Percent        Cum.
------------+-----------------------------------
          0 |        139       18.56       18.56
          1 |         14        1.87       20.43
          . |        596       79.57      100.00
------------+-----------------------------------
      Total |        749      100.00
3

     Cystic |
Fibrosis (& |
   related) |      Freq.     Percent        Cum.
------------+-----------------------------------
          0 |        599       79.97       79.97
          1 |        150       20.03      100.00
------------+-----------------------------------
      Total |        749      100.00
12

Respiratory |
    disease |
     (excl. |
    asthma) |      Freq.     Percent        Cum.
------------+-----------------------------------
          0 |        594       79.31       79.31
          1 |        155       20.69      100.00
------------+-----------------------------------
      Total |        749      100.00
8

      Heart |
    disease |      Freq.     Percent        Cum.
------------+-----------------------------------
          0 |        591       78.91       78.91
          1 |        158       21.09      100.00
------------+-----------------------------------
      Total |        749      100.00
3

     Atrial |
fibrillatio |
          n |      Freq.     Percent        Cum.
------------+-----------------------------------
          0 |        607       81.04       81.04
          1 |        142       18.96      100.00
------------+-----------------------------------
      Total |        749      100.00
7

  Deep vein |
thrombosis/ |
  pulmonary |
   embolism |      Freq.     Percent        Cum.
------------+-----------------------------------
          0 |        592       79.04       79.04
          1 |        157       20.96      100.00
------------+-----------------------------------
      Total |        749      100.00
8

**TABLE OF diabcat REDACTED DUE TO SMALL N**

6

      Liver |
    disease |      Freq.     Percent        Cum.
------------+-----------------------------------
          0 |        597       79.71       79.71
          1 |        152       20.29      100.00
------------+-----------------------------------
      Total |        749      100.00
7

     Stroke |      Freq.     Percent        Cum.
------------+-----------------------------------
          0 |        603       80.51       80.51
          1 |        146       19.49      100.00
------------+-----------------------------------
      Total |        749      100.00
4

  Transient |
   ischemic |
     attack |      Freq.     Percent        Cum.
------------+-----------------------------------
          0 |        607       81.04       81.04
          1 |        142       18.96      100.00
------------+-----------------------------------
      Total |        749      100.00
9

   Dementia |      Freq.     Percent        Cum.
------------+-----------------------------------
          0 |        605       80.77       80.77
          1 |        144       19.23      100.00
------------+-----------------------------------
      Total |        749      100.00
9

**TABLE OF kidneyfn REDACTED DUE TO SMALL N**

7

     Spleen |
   problems |
(dysplenia, |
     sickle |
      cell) |      Freq.     Percent        Cum.
------------+-----------------------------------
          0 |        493       65.82       65.82
          1 |        256       34.18      100.00
------------+-----------------------------------
      Total |        749      100.00
11

      Organ |
 transplant |
  recipient |      Freq.     Percent        Cum.
------------+-----------------------------------
          0 |        492       65.69       65.69
          1 |        257       34.31      100.00
------------+-----------------------------------
      Total |        749      100.00
9

   Dialysis |      Freq.     Percent        Cum.
------------+-----------------------------------
          0 |        610       81.44       81.44
          1 |        139       18.56      100.00
------------+-----------------------------------
      Total |        749      100.00
18

 Conditions |
    causing |
  permanent |
         or |
  temporary |
immunosuppr |
     ession |      Freq.     Percent        Cum.
------------+-----------------------------------
          0 |        497       66.36       66.36
          1 |        252       33.64      100.00
------------+-----------------------------------
      Total |        749      100.00
11

Haematologica |
     l cancer |      Freq.     Percent        Cum.
--------------+-----------------------------------
        Never |        603       80.51       80.51
    Last year |          6        0.80       81.31
2-5 years ago |          9        1.20       82.51
     5+ years |        131       17.49      100.00
--------------+-----------------------------------
        Total |        749      100.00
11

   RA, SLE, |
  Psoriasis |
(autoimmune |
   disease) |      Freq.     Percent        Cum.
------------+-----------------------------------
          0 |        603       80.51       80.51
          1 |        146       19.49      100.00
------------+-----------------------------------
      Total |        749      100.00
4

        IBD |      Freq.     Percent        Cum.
------------+-----------------------------------
          0 |        601       80.24       80.24
          1 |        148       19.76      100.00
------------+-----------------------------------
      Total |        749      100.00
16

**TABLE OF cancerExhaem1yr REDACTED DUE TO SMALL N**

4

    Serious |
     mental |
    illness |      Freq.     Percent        Cum.
------------+-----------------------------------
          0 |        610       81.44       81.44
          1 |        139       18.56      100.00
------------+-----------------------------------
      Total |        749      100.00
6

      Neuro |
  condition |
 other than |
stroke/deme |
       ntia |      Freq.     Percent        Cum.
------------+-----------------------------------
          0 |        603       80.51       80.51
          1 |        146       19.49      100.00
------------+-----------------------------------
      Total |        749      100.00

                 Date of ONS COVID-19 death
-------------------------------------------------------------
      Percentiles      Smallest
 1%    16mar2020      16mar2020
 5%    06apr2020      06apr2020
10%    08apr2020      08apr2020       Obs                  23
25%    28may2020      18apr2020       Sum of Wgt.          23

50%    11jul2020                      Mean          24jul2020
                        Largest       Std. Dev.      90.80714
75%    14oct2020      06nov2020
90%    29nov2020      29nov2020       Variance       8245.937
95%    08jan2021      08jan2021       Skewness       .4774319
99%    21jan2021      21jan2021       Kurtosis       2.183462

               Date of ONS non-COVID-19 death
-------------------------------------------------------------
      Percentiles      Smallest
 1%    11mar2020      04mar2020
 5%    23mar2020      11mar2020
10%    03apr2020      14mar2020       Obs                 121
25%    04jun2020      15mar2020       Sum of Wgt.         121

50%    27aug2020                      Mean          25aug2020
                        Largest       Std. Dev.      102.1567
75%    20nov2020      06feb2021
90%    23jan2021      07feb2021       Variance          10436
95%    30jan2021      08feb2021       Skewness      -.0129624
99%    08feb2021      08feb2021       Kurtosis       1.769583

             Date of COVID-19 hospital admission
-------------------------------------------------------------
      Percentiles      Smallest
 1%    04mar2020      02mar2020
 5%    17mar2020      04mar2020
10%    18apr2020      09mar2020       Obs                 151
25%    12jun2020      10mar2020       Sum of Wgt.         151

50%    29aug2020                      Mean          29aug2020
                        Largest       Std. Dev.      98.28003
75%    21nov2020      02feb2021
90%    17jan2021      03feb2021       Variance       9658.965
95%    23jan2021      07feb2021       Skewness      -.0712734
99%    07feb2021      08feb2021       Kurtosis       1.900526

       Date of first of COVID-19 hospital admission or
                            death
-------------------------------------------------------------
      Percentiles      Smallest
 1%    04mar2020      02mar2020
 5%    17mar2020      04mar2020
10%    08apr2020      09mar2020       Obs                 169
25%    01jun2020      10mar2020       Sum of Wgt.         169

50%    15aug2020                      Mean          23aug2020
                        Largest       Std. Dev.      97.90048
75%    16nov2020      02feb2021
90%    16jan2021      03feb2021       Variance       9584.504
95%    22jan2021      07feb2021       Skewness       .0078538
99%    07feb2021      08feb2021       Kurtosis       1.876689
0

   COVID-19 |
      death |
     (ONS), |
censored 31 |
     Aug 20 |      Freq.     Percent        Cum.
------------+-----------------------------------
          0 |        733       97.86       97.86
          1 |         16        2.14      100.00
------------+-----------------------------------
      Total |        749      100.00
0

   COVID-19 |
   hospital |
 admission, |
censored 31 |
     Aug 20 |      Freq.     Percent        Cum.
------------+-----------------------------------
          0 |        675       90.12       90.12
          1 |         74        9.88      100.00
------------+-----------------------------------
      Total |        749      100.00
0

**TABLE OF coviddeath1 covidadmission1 REDACTED DUE TO SMALL N**

0

   COVID-19 |
   hospital |
  admission |
  or death, |
censored 31 |
     Aug 20 |      Freq.     Percent        Cum.
------------+-----------------------------------
          0 |        659       87.98       87.98
          1 |         90       12.02      100.00
------------+-----------------------------------
      Total |        749      100.00
0

   COVID-19 |
      death |
     (ONS), |
   censored |
latest date |      Freq.     Percent        Cum.
------------+-----------------------------------
          0 |        726       96.93       96.93
          1 |         23        3.07      100.00
------------+-----------------------------------
      Total |        749      100.00
0

   COVID-19 |
   hospital |
 admission, |
   censored |
latest date |      Freq.     Percent        Cum.
------------+-----------------------------------
          0 |        613       81.84       81.84
          1 |        136       18.16      100.00
------------+-----------------------------------
      Total |        749      100.00
0

**TABLE OF coviddeath2 covidadmission2 REDACTED DUE TO SMALL N**

0

   COVID-19 |
   hospital |
  admission |
  or death, |
   censored |
latest date |      Freq.     Percent        Cum.
------------+-----------------------------------
          0 |        586       78.24       78.24
          1 |        163       21.76      100.00
------------+-----------------------------------
      Total |        749      100.00

    Variable |        Obs        Mean    Std. Dev.       Min        Max
-------------+---------------------------------------------------------
stime_cov~h1 |        749    174.5007    32.22641          4        184
stime_cov~n1 |        749    166.4179    42.31133          2        184
stime_comp~1 |        749    166.4179    42.31133          2        184
stime_cov~h2 |        749    299.8385    75.72476          4        330
stime_cov~n2 |        749    273.1495    95.96439          2        330
-------------+---------------------------------------------------------
stime_comp~2 |        749    273.1495    95.96439          2        330
(Analysis dataset, wave 2 (1 Sept 20 - latest), for learning disability work)
0

       Ethnicity in 16 |
            categories |      Freq.     Percent        Cum.
-----------------------+-----------------------------------
                 White |        127       18.87       18.87
                 Mixed |        140       20.80       39.67
Asian or Asian British |        141       20.95       60.62
                 Black |        135       20.06       80.68
                 Other |        130       19.32      100.00
-----------------------+-----------------------------------
                 Total |        673      100.00
12

       Ethnicity in 16 |
            categories |      Freq.     Percent        Cum.
-----------------------+-----------------------------------
                 White |        127       14.38       14.38
                 Mixed |        140       15.86       30.24
Asian or Asian British |        141       15.97       46.21
                 Black |        135       15.29       61.49
                 Other |        130       14.72       76.22
               Unknown |        210       23.78      100.00
-----------------------+-----------------------------------
                 Total |        883      100.00
(210 observations deleted)
0

   Learning |
 disability |      Freq.     Percent        Cum.
------------+-----------------------------------
          0 |        402       59.73       59.73
          1 |        271       40.27      100.00
------------+-----------------------------------
      Total |        673      100.00
16

Severe-pro |
     found |
  learning |  Learning disability
disability |         0          1 |     Total
-----------+----------------------+----------
         0 |       324        213 |       537 
         1 |        78         58 |       136 
-----------+----------------------+----------
     Total |       402        271 |       673 
0

     Learning |
   disability |
   split into |
mild-moderate |
          and |
severe-profou |
           nd |      Freq.     Percent        Cum.
--------------+-----------------------------------
   Not on LDR |        402       59.73       59.73
    LDR, mild |        213       31.65       91.38
LDR, profound |         58        8.62      100.00
--------------+-----------------------------------
        Total |        673      100.00
16

  Learning disability |
           split into |
       residential vs |
      non-residential |  Learning disability
              setting |         0          1 |     Total
----------------------+----------------------+----------
           Not on LDR |       402          0 |       402 
LDR, not in residenti |         0        271 |       271 
----------------------+----------------------+----------
                Total |       402        271 |       673 
0

   Learning disability split |
         into residential vs |
     non-residential setting |      Freq.     Percent        Cum.
-----------------------------+-----------------------------------
                  Not on LDR |        402       59.73       59.73
LDR, not in residential care |        271       40.27      100.00
-----------------------------+-----------------------------------
                       Total |        673      100.00
7

    Down's |  Learning disability
  Syndrome |         0          1 |     Total
-----------+----------------------+----------
         0 |       325        217 |       542 
         1 |        77         54 |       131 
-----------+----------------------+----------
     Total |       402        271 |       673 
0

     Down's |
   Syndrome |      Freq.     Percent        Cum.
------------+-----------------------------------
          0 |        542       80.53       80.53
          1 |        131       19.47      100.00
------------+-----------------------------------
      Total |        673      100.00
7

  Cerebral |  Learning disability
     Palsy |         0          1 |     Total
-----------+----------------------+----------
         0 |       323        218 |       541 
         1 |        79         53 |       132 
-----------+----------------------+----------
     Total |       402        271 |       673 
0

   Cerebral |
      Palsy |      Freq.     Percent        Cum.
------------+-----------------------------------
          0 |        541       80.39       80.39
          1 |        132       19.61      100.00
------------+-----------------------------------
      Total |        673      100.00
14

 Grouping of Down's, |
  Cerebral Palsy and |
 learning disability |  Learning disability
            register |         0          1 |     Total
---------------------+----------------------+----------
No DS, no CP, no LDR |       259          0 |       259 
      DS but not LDR |        64          0 |        64 
          DS and LDR |         0         45 |        45 
      CP but not LDR |        79          0 |        79 
          CP and LDR |         0         53 |        53 
 LD with no DS or CP |         0        173 |       173 
---------------------+----------------------+----------
               Total |       402        271 |       673 
13

 Grouping of Down's, |
  Cerebral Palsy and |
 learning disability |    Cerebral Palsy
            register |         0          1 |     Total
---------------------+----------------------+----------
No DS, no CP, no LDR |       259          0 |       259 
      DS but not LDR |        64          0 |        64 
          DS and LDR |        45          0 |        45 
      CP but not LDR |         0         79 |        79 
          CP and LDR |         0         53 |        53 
 LD with no DS or CP |       173          0 |       173 
---------------------+----------------------+----------
               Total |       541        132 |       673 
13

 Grouping of Down's, |
  Cerebral Palsy and |
 learning disability |    Down's Syndrome
            register |         0          1 |     Total
---------------------+----------------------+----------
No DS, no CP, no LDR |       259          0 |       259 
      DS but not LDR |         0         64 |        64 
          DS and LDR |         0         45 |        45 
      CP but not LDR |        66         13 |        79 
          CP and LDR |        44          9 |        53 
 LD with no DS or CP |       173          0 |       173 
---------------------+----------------------+----------
               Total |       542        131 |       673 
0

 Grouping of Down's, |
  Cerebral Palsy and |
 learning disability |
            register |      Freq.     Percent        Cum.
---------------------+-----------------------------------
No DS, no CP, no LDR |        259       38.48       38.48
      DS but not LDR |         64        9.51       47.99
          DS and LDR |         45        6.69       54.68
      CP but not LDR |         79       11.74       66.42
          CP and LDR |         53        7.88       74.29
 LD with no DS or CP |        173       25.71      100.00
---------------------+-----------------------------------
               Total |        673      100.00
9

  Geographical region (7 |
        England regions) |      Freq.     Percent        Cum.
-------------------------+-----------------------------------
                    East |         62        9.21        9.21
                  London |        130       19.32       28.53
                Midlands |        219       32.54       61.07
North East and Yorkshire |        123       18.28       79.35
              North West |         77       11.44       90.79
              South East |         62        9.21      100.00
-------------------------+-----------------------------------
                   Total |        673      100.00
4

Sustainabil |
    ity and |
Transformat |
        ion |
Partnership |      Freq.     Percent        Cum.
------------+-----------------------------------
          1 |         32        4.75        4.75
          2 |         20        2.97        7.73
          3 |         42        6.24       13.97
          4 |         21        3.12       17.09
          5 |         19        2.82       19.91
          6 |         24        3.57       23.48
          7 |         21        3.12       26.60
          8 |         25        3.71       30.31
          9 |         25        3.71       34.03
         10 |         15        2.23       36.26
         11 |         19        2.82       39.08
         12 |         22        3.27       42.35
         13 |         19        2.82       45.17
         14 |         17        2.53       47.70
         15 |         32        4.75       52.45
         16 |         19        2.82       55.27
         17 |         19        2.82       58.10
         18 |         31        4.61       62.70
         19 |         21        3.12       65.82
         20 |         22        3.27       69.09
         21 |         23        3.42       72.51
         22 |         18        2.67       75.19
         23 |         20        2.97       78.16
         24 |         13        1.93       80.09
         25 |         19        2.82       82.91
         26 |         17        2.53       85.44
         27 |          9        1.34       86.78
         28 |         20        2.97       89.75
         29 |         20        2.97       92.72
         30 |         24        3.57       96.29
         31 |         25        3.71      100.00
------------+-----------------------------------
      Total |        673      100.00

                         Age (years)
-------------------------------------------------------------
      Percentiles      Smallest
 1%            1              0
 5%            5              0
10%            9              0       Obs                 673
25%           21              1       Sum of Wgt.         673

50%           42                      Mean           40.42348
                        Largest       Std. Dev.      22.72868
75%           57             92
90%           71             92       Variance       516.5927
95%           78             93       Skewness       .0708837
99%           88             94       Kurtosis       2.119154
9

Grouped age |      Freq.     Percent        Cum.
------------+-----------------------------------
      0-<16 |        128       19.02       19.02
     16-<45 |        243       36.11       55.13
     45-<65 |        196       29.12       84.25
     65-<70 |         31        4.61       88.86
     70-<75 |         33        4.90       93.76
     75-<80 |         14        2.08       95.84
        80+ |         28        4.16      100.00
------------+-----------------------------------
      Total |        673      100.00
6

      Child |
  indicator |
(<16 years) |      Freq.     Percent        Cum.
------------+-----------------------------------
          0 |        545       80.98       80.98
          1 |        128       19.02      100.00
------------+-----------------------------------
      Total |        673      100.00

-------------------------------------------------------------------------------
-> child = 0

                         Age (years)
-------------------------------------------------------------
      Percentiles      Smallest
 1%           16             16
 5%           19             16
10%           23             16       Obs                 545
25%           34             16       Sum of Wgt.         545

50%           47                      Mean           47.97064
                        Largest       Std. Dev.      18.25763
75%           61             92
90%           73             92       Variance        333.341
95%           80             93       Skewness       .2170484
99%           88             94       Kurtosis       2.340131

-------------------------------------------------------------------------------
-> child = 1

                         Age (years)
-------------------------------------------------------------
      Percentiles      Smallest
 1%            0              0
 5%            1              0
10%            2              0       Obs                 128
25%            4              1       Sum of Wgt.         128

50%            9                      Mean           8.289063
                        Largest       Std. Dev.       4.51969
75%           12             15
90%           14             15       Variance        20.4276
95%           15             15       Skewness      -.1393751
99%           15             15       Kurtosis       1.790932

5

       Male |      Freq.     Percent        Cum.
------------+-----------------------------------
          0 |        349       51.86       51.86
          1 |        324       48.14      100.00
------------+-----------------------------------
      Total |        673      100.00
12

       Ethnicity in 16 |
            categories |      Freq.     Percent        Cum.
-----------------------+-----------------------------------
                 White |        127       18.87       18.87
                 Mixed |        140       20.80       39.67
Asian or Asian British |        141       20.95       60.62
                 Black |        135       20.06       80.68
                 Other |        130       19.32      100.00
-----------------------+-----------------------------------
                 Total |        673      100.00
13

        Ethnicity in 16 categories |      Freq.     Percent        Cum.
-----------------------------------+-----------------------------------
          British or Mixed British |        413       61.37       61.37
                       Other White |         49        7.28       68.65
             White + Black African |         45        6.69       75.33
                           Unknown |        166       24.67      100.00
-----------------------------------+-----------------------------------
                             Total |        673      100.00
4

        Index of |
        Multiple |
     Deprivation |
           (IMD) |      Freq.     Percent        Cum.
-----------------+-----------------------------------
1 least deprived |        482       71.62       71.62
               4 |        130       19.32       90.94
 5 most deprived |         61        9.06      100.00
-----------------+-----------------------------------
           Total |        673      100.00
15

Residential |
      care, |
    elderly |      Freq.     Percent        Cum.
------------+-----------------------------------
          0 |        673      100.00      100.00
------------+-----------------------------------
      Total |        673      100.00
15

Residential |
      care, |
   learning |
 disability |      Freq.     Percent        Cum.
------------+-----------------------------------
          0 |        673      100.00      100.00
------------+-----------------------------------
      Total |        673      100.00

                       Household size
-------------------------------------------------------------
      Percentiles      Smallest
 1%            0              0
 5%            1              0
10%            1              0       Obs                 673
25%            2              0       Sum of Wgt.         673

50%            2                      Mean            2.46211
                        Largest       Std. Dev.      1.071328
75%            3              5
90%            4              5       Variance       1.147744
95%            4              5       Skewness      -.0104961
99%            5              6       Kurtosis       2.914406
0

           | Residentia
           |  l care,
Residentia |  learning
   l care, | disability
   elderly |         0 |     Total
-----------+-----------+----------
         0 |       673 |       673 
-----------+-----------+----------
     Total |       673 |       673 

                Body Mass Index (BMI, kg/m2)
-------------------------------------------------------------
      Percentiles      Smallest
 1%     16.12973        15.0696
 5%     20.42415       15.49479
10%     22.36432       15.53314       Obs                 482
25%     27.74403       15.93306       Sum of Wgt.         482

50%     35.35559                      Mean            34.3753
                        Largest       Std. Dev.      8.454656
75%     41.12582       49.47039
90%     44.98058       49.47376       Variance       71.48121
95%     47.24914       49.87366       Skewness      -.2139372
99%     49.40646       49.96404       Kurtosis       2.109031
8

Evidence of |
     BMI>40 |      Freq.     Percent        Cum.
------------+-----------------------------------
          0 |        523       77.71       77.71
          1 |        150       22.29      100.00
------------+-----------------------------------
      Total |        673      100.00
14

     Severe |
     asthma |      Freq.     Percent        Cum.
------------+-----------------------------------
          0 |        124       18.42       18.42
          1 |         13        1.93       20.36
          . |        536       79.64      100.00
------------+-----------------------------------
      Total |        673      100.00
3

     Cystic |
Fibrosis (& |
   related) |      Freq.     Percent        Cum.
------------+-----------------------------------
          0 |        541       80.39       80.39
          1 |        132       19.61      100.00
------------+-----------------------------------
      Total |        673      100.00
12

Respiratory |
    disease |
     (excl. |
    asthma) |      Freq.     Percent        Cum.
------------+-----------------------------------
          0 |        547       81.28       81.28
          1 |        126       18.72      100.00
------------+-----------------------------------
      Total |        673      100.00
8

      Heart |
    disease |      Freq.     Percent        Cum.
------------+-----------------------------------
          0 |        538       79.94       79.94
          1 |        135       20.06      100.00
------------+-----------------------------------
      Total |        673      100.00
3

     Atrial |
fibrillatio |
          n |      Freq.     Percent        Cum.
------------+-----------------------------------
          0 |        535       79.49       79.49
          1 |        138       20.51      100.00
------------+-----------------------------------
      Total |        673      100.00
7

  Deep vein |
thrombosis/ |
  pulmonary |
   embolism |      Freq.     Percent        Cum.
------------+-----------------------------------
          0 |        541       80.39       80.39
          1 |        132       19.61      100.00
------------+-----------------------------------
      Total |        673      100.00
8

                  Diabetes |      Freq.     Percent        Cum.
---------------------------+-----------------------------------
               No diabetes |        543       80.68       80.68
       Controlled diabetes |        105       15.60       96.29
     Uncontrolled diabetes |         25        3.71      100.00
---------------------------+-----------------------------------
                     Total |        673      100.00
6

      Liver |
    disease |      Freq.     Percent        Cum.
------------+-----------------------------------
          0 |        539       80.09       80.09
          1 |        134       19.91      100.00
------------+-----------------------------------
      Total |        673      100.00
7

     Stroke |      Freq.     Percent        Cum.
------------+-----------------------------------
          0 |        544       80.83       80.83
          1 |        129       19.17      100.00
------------+-----------------------------------
      Total |        673      100.00
4

  Transient |
   ischemic |
     attack |      Freq.     Percent        Cum.
------------+-----------------------------------
          0 |        535       79.49       79.49
          1 |        138       20.51      100.00
------------+-----------------------------------
      Total |        673      100.00
9

   Dementia |      Freq.     Percent        Cum.
------------+-----------------------------------
          0 |        548       81.43       81.43
          1 |        125       18.57      100.00
------------+-----------------------------------
      Total |        673      100.00
9

       Kidney function |      Freq.     Percent        Cum.
-----------------------+-----------------------------------
                  None |        430       63.89       63.89
Stage 3a/3b egfr 30-60 |          6        0.89       64.78
     Stage 4/5 egfr<30 |        237       35.22      100.00
-----------------------+-----------------------------------
                 Total |        673      100.00
7

     Spleen |
   problems |
(dysplenia, |
     sickle |
      cell) |      Freq.     Percent        Cum.
------------+-----------------------------------
          0 |        420       62.41       62.41
          1 |        253       37.59      100.00
------------+-----------------------------------
      Total |        673      100.00
11

      Organ |
 transplant |
  recipient |      Freq.     Percent        Cum.
------------+-----------------------------------
          0 |        448       66.57       66.57
          1 |        225       33.43      100.00
------------+-----------------------------------
      Total |        673      100.00
9

   Dialysis |      Freq.     Percent        Cum.
------------+-----------------------------------
          0 |        566       84.10       84.10
          1 |        107       15.90      100.00
------------+-----------------------------------
      Total |        673      100.00
18

 Conditions |
    causing |
  permanent |
         or |
  temporary |
immunosuppr |
     ession |      Freq.     Percent        Cum.
------------+-----------------------------------
          0 |        425       63.15       63.15
          1 |        248       36.85      100.00
------------+-----------------------------------
      Total |        673      100.00
11

**TABLE OF cancerHaem REDACTED DUE TO SMALL N**

11

   RA, SLE, |
  Psoriasis |
(autoimmune |
   disease) |      Freq.     Percent        Cum.
------------+-----------------------------------
          0 |        540       80.24       80.24
          1 |        133       19.76      100.00
------------+-----------------------------------
      Total |        673      100.00
4

        IBD |      Freq.     Percent        Cum.
------------+-----------------------------------
          0 |        548       81.43       81.43
          1 |        125       18.57      100.00
------------+-----------------------------------
      Total |        673      100.00
16

**TABLE OF cancerExhaem1yr REDACTED DUE TO SMALL N**

4

    Serious |
     mental |
    illness |      Freq.     Percent        Cum.
------------+-----------------------------------
          0 |        551       81.87       81.87
          1 |        122       18.13      100.00
------------+-----------------------------------
      Total |        673      100.00
6

      Neuro |
  condition |
 other than |
stroke/deme |
       ntia |      Freq.     Percent        Cum.
------------+-----------------------------------
          0 |        536       79.64       79.64
          1 |        137       20.36      100.00
------------+-----------------------------------
      Total |        673      100.00

                 Date of ONS COVID-19 death
-------------------------------------------------------------
      Percentiles      Smallest
 1%    16sep2020      16sep2020
 5%    16sep2020      18sep2020
10%    18sep2020      25sep2020       Obs                  16
25%    13oct2020      09oct2020       Sum of Wgt.          16

50%    09dec2020                      Mean          26nov2020
                        Largest       Std. Dev.      50.71078
75%    03jan2021      08jan2021
90%    05feb2021      31jan2021       Variance       2571.583
95%    07feb2021      05feb2021       Skewness      -.0351558
99%    07feb2021      07feb2021       Kurtosis       1.619084

               Date of ONS non-COVID-19 death
-------------------------------------------------------------
      Percentiles      Smallest
 1%    02sep2020      02sep2020
 5%    07sep2020      06sep2020
10%    13sep2020      07sep2020       Obs                  46
25%    16oct2020      09sep2020       Sum of Wgt.          46

50%    18nov2020                      Mean          18nov2020
                        Largest       Std. Dev.      47.01802
75%    26dec2020      02feb2021
90%    31jan2021      03feb2021       Variance       2210.694
95%    03feb2021      04feb2021       Skewness       .1555407
99%    08feb2021      08feb2021       Kurtosis       2.020182

             Date of COVID-19 hospital admission
-------------------------------------------------------------
      Percentiles      Smallest
 1%    08mar2020      06mar2020
 5%    17mar2020      08mar2020
10%    12apr2020      10mar2020       Obs                 142
25%    24may2020      11mar2020       Sum of Wgt.         142

50%    21aug2020                      Mean          18aug2020
                        Largest       Std. Dev.      97.10296
75%    08nov2020      20jan2021
90%    06jan2021      25jan2021       Variance       9428.985
95%    16jan2021      03feb2021       Skewness       .0450512
99%    03feb2021      04feb2021       Kurtosis       1.809826

       Date of first of COVID-19 hospital admission or
                            death
-------------------------------------------------------------
      Percentiles      Smallest
 1%    08mar2020      06mar2020
 5%    17mar2020      08mar2020
10%    14apr2020      10mar2020       Obs                 155
25%    28may2020      11mar2020       Sum of Wgt.         155

50%    09sep2020                      Mean          26aug2020
                        Largest       Std. Dev.      97.82299
75%    15nov2020      03feb2021
90%    08jan2021      04feb2021       Variance       9569.337
95%    18jan2021      05feb2021       Skewness      -.0530719
99%    05feb2021      07feb2021       Kurtosis       1.823761
0

   COVID-19 |
      death |
     (ONS), |
   censored |
latest date |      Freq.     Percent        Cum.
------------+-----------------------------------
          0 |        659       97.92       97.92
          1 |         14        2.08      100.00
------------+-----------------------------------
      Total |        673      100.00
0

   COVID-19 |
   hospital |
 admission, |
   censored |
latest date |      Freq.     Percent        Cum.
------------+-----------------------------------
          0 |        537       79.79       79.79
          1 |        136       20.21      100.00
------------+-----------------------------------
      Total |        673      100.00
0

**TABLE OF coviddeath2 covidadmission2 REDACTED DUE TO SMALL N**

0

   COVID-19 |
   hospital |
  admission |
  or death, |
   censored |
latest date |      Freq.     Percent        Cum.
------------+-----------------------------------
          0 |        523       77.71       77.71
          1 |        150       22.29      100.00
------------+-----------------------------------
      Total |        673      100.00

    Variable |        Obs        Mean    Std. Dev.       Min        Max
-------------+---------------------------------------------------------
stime_cov~h2 |        673    146.4056    25.08712          2        153
stime_cov~n2 |        673    110.4948    80.75647       -178        150
stime_comp~2 |        673    110.4948    80.75647       -178        150

. 
. * Close log file
. log close
      name:  <unnamed>
       log:  /workspace/logs/AL001_describe_cohort.log
  log type:  text
 closed on:   9 Feb 2021, 10:35:25
-------------------------------------------------------------------------------
